<?xml version="1.0" encoding="UTF-8"?>
<testsuite xmlns:xsi="http://www.w3.org/2001/XMLSchema-instance" xsi:noNamespaceSchemaLocation="https://maven.apache.org/surefire/maven-surefire-plugin/xsd/surefire-test-report.xsd" version="3.0.2" name="org.imtf.siron.supporttool.ExampleResourceTest" time="5.175" tests="1" errors="0" skipped="0" failures="0">
  <properties>
[...]
</properties>
  <testcase name="testHelloEndpoint" classname="org.imtf.siron.supporttool.ExampleResourceTest" time="3.31">
    <system-out><![CDATA[2025-08-25 13:12:00,263 INFO  [io.quarkus] (main) siron-support-tool 1.0-SNAPSHOT on JVM (powered by Quarkus 3.24.4) started in 9.157s. Listening on: http://localhost:8081
2025-08-25 13:12:00,266 INFO  [io.quarkus] (main) Profile test activated. 
2025-08-25 13:12:00,266 INFO  [io.quarkus] (main) Installed features: [cdi, resteasy, resteasy-jackson, smallrye-context-propagation, vertx]
]]></system-out>
  </testcase>
</testsuite>